"GET / HTTP/1.1" 200 16170
Not Found: /static/article/monokai.css
"GET /static/article/monokai.css HTTP/1.1" 404 179
Not Found: /static/layui/layui.js
"GET /static/layui/layui.js HTTP/1.1" 404 179
Not Found: /media/article/20230308/city_in_the_clouds_by_tatasz_d8yebbu.png
"GET /media/article/20230308/city_in_the_clouds_by_tatasz_d8yebbu.png HTTP/1.1" 404 179
Not Found: /media/article/20230308/531-bigskin-4.jpg
"GET /media/article/20230308/531-bigskin-4.jpg HTTP/1.1" 404 179
Not Found: /media/article/20230308/maievShadowSong.png
"GET /media/article/20230308/maievShadowSong.png HTTP/1.1" 404 179
Not Found: /favicon.ico
"GET /favicon.ico HTTP/1.1" 404 179
"GET / HTTP/1.1" 200 16170
Not Found: /static/article/monokai.css
"GET /static/article/monokai.css HTTP/1.1" 404 179
Not Found: /static/layui/layui.js
"GET /static/layui/layui.js HTTP/1.1" 404 179
Not Found: /media/article/20230308/city_in_the_clouds_by_tatasz_d8yebbu.png
"GET /media/article/20230308/city_in_the_clouds_by_tatasz_d8yebbu.png HTTP/1.1" 404 179
Not Found: /media/article/20230308/531-bigskin-4.jpg
"GET /media/article/20230308/531-bigskin-4.jpg HTTP/1.1" 404 179
Not Found: /media/article/20230308/maievShadowSong.png
"GET /media/article/20230308/maievShadowSong.png HTTP/1.1" 404 179
Not Found: /media/article/20230308/531-bigskin-4.jpg
"GET /media/article/20230308/531-bigskin-4.jpg HTTP/1.1" 404 179
Not Found: /media/article/20230308/531-bigskin-4.jpg
"GET /media/article/20230308/531-bigskin-4.jpg HTTP/1.1" 404 179
Not Found: /media/article/20230308/city_in_the_clouds_by_tatasz_d8yebbu.png
"GET /media/article/20230308/city_in_the_clouds_by_tatasz_d8yebbu.png HTTP/1.1" 404 179
"GET / HTTP/1.1" 200 16170
Not Found: /static/article/monokai.css
Not Found: /static/layui/layui.js
"GET /static/article/monokai.css HTTP/1.1" 404 179
"GET /static/layui/layui.js HTTP/1.1" 404 179
Not Found: /media/article/20230308/city_in_the_clouds_by_tatasz_d8yebbu.png
"GET /media/article/20230308/city_in_the_clouds_by_tatasz_d8yebbu.png HTTP/1.1" 404 179
Not Found: /media/article/20230308/531-bigskin-4.jpg
"GET /media/article/20230308/531-bigskin-4.jpg HTTP/1.1" 404 179
Not Found: /media/article/20230308/maievShadowSong.png
"GET /media/article/20230308/maievShadowSong.png HTTP/1.1" 404 179
"GET / HTTP/1.1" 200 16064
Not Found: /static/article/monokai.css
"GET /static/article/monokai.css HTTP/1.1" 404 179
Not Found: /static/layui/layui.js
"GET /static/layui/layui.js HTTP/1.1" 404 179
Not Found: /media/article/20230308/city_in_the_clouds_by_tatasz_d8yebbu.png
"GET /media/article/20230308/city_in_the_clouds_by_tatasz_d8yebbu.png HTTP/1.1" 404 179
Not Found: /media/article/20230308/531-bigskin-4.jpg
Not Found: /media/article/20230308/maievShadowSong.png
"GET /media/article/20230308/531-bigskin-4.jpg HTTP/1.1" 404 179
"GET /media/article/20230308/maievShadowSong.png HTTP/1.1" 404 179
Not Found: /static/article/monokai.css
"GET /static/article/monokai.css HTTP/1.1" 404 179
"GET / HTTP/1.1" 200 16064
Not Found: /static/article/monokai.css
"GET /static/article/monokai.css HTTP/1.1" 404 179
Not Found: /static/layui/layui.js
"GET /static/layui/layui.js HTTP/1.1" 404 179
Not Found: /media/article/20230308/city_in_the_clouds_by_tatasz_d8yebbu.png
"GET /media/article/20230308/city_in_the_clouds_by_tatasz_d8yebbu.png HTTP/1.1" 404 179
Not Found: /media/article/20230308/531-bigskin-4.jpg
Not Found: /media/article/20230308/maievShadowSong.png
"GET /media/article/20230308/531-bigskin-4.jpg HTTP/1.1" 404 179
"GET /media/article/20230308/maievShadowSong.png HTTP/1.1" 404 179
"GET /article/article_detail/9/ HTTP/1.1" 200 28804
Not Found: /static/article/monokai.css
Not Found: /static/prism/prism.css
"GET /static/article/monokai.css HTTP/1.1" 404 179
"GET /static/prism/prism.css HTTP/1.1" 404 179
Not Found: /static/layui/layui.js
Not Found: /static/prism/prism.js
Not Found: /static/ckeditor/ckeditor-init.js
"GET /static/layui/layui.js HTTP/1.1" 404 179
Not Found: /static/ckeditor/ckeditor/ckeditor.js
"GET /static/prism/prism.js HTTP/1.1" 404 179
Not Found: /static/sticky-sidebar/sticky-sidebar.js
"GET /static/ckeditor/ckeditor-init.js HTTP/1.1" 404 179
Not Found: /static/csrf.js
"GET /static/ckeditor/ckeditor/ckeditor.js HTTP/1.1" 404 179
"GET /static/sticky-sidebar/sticky-sidebar.js HTTP/1.1" 404 179
"GET /static/csrf.js HTTP/1.1" 404 179
Not Found: /static/prism/prism.css
"GET /static/prism/prism.css HTTP/1.1" 404 179
"GET / HTTP/1.1" 200 16064
Not Found: /static/article/monokai.css
"GET /static/article/monokai.css HTTP/1.1" 404 179
Not Found: /static/layui/layui.js
"GET /static/layui/layui.js HTTP/1.1" 404 179
Not Found: /media/article/20230308/city_in_the_clouds_by_tatasz_d8yebbu.png
"GET /media/article/20230308/city_in_the_clouds_by_tatasz_d8yebbu.png HTTP/1.1" 404 179
Not Found: /media/article/20230308/531-bigskin-4.jpg
Not Found: /media/article/20230308/maievShadowSong.png
"GET /media/article/20230308/531-bigskin-4.jpg HTTP/1.1" 404 179
"GET /media/article/20230308/maievShadowSong.png HTTP/1.1" 404 179
"GET /article/article_list/?tag=django&order=None&search=&column= HTTP/1.1" 200 11671
Not Found: /static/article/monokai.css
"GET /static/article/monokai.css HTTP/1.1" 404 179
Not Found: /static/layui/layui.js
"GET /static/layui/layui.js HTTP/1.1" 404 179
Not Found: /media/article/20230308/531-bigskin-4.jpg
"GET /media/article/20230308/531-bigskin-4.jpg HTTP/1.1" 404 179
Not Found: /media/article/20230308/maievShadowSong.png
"GET /media/article/20230308/maievShadowSong.png HTTP/1.1" 404 179
"GET / HTTP/1.1" 200 16064
Not Found: /static/article/monokai.css
"GET /static/article/monokai.css HTTP/1.1" 404 179
Not Found: /static/layui/experdata/modules/laydate/default/laydate.experdata
"GET /static/layui/experdata/modules/laydate/default/laydate.experdata?v=5.3.1 HTTP/1.1" 404 179
Not Found: /static/layui/experdata/modules/layer/default/layer.experdata
"GET /static/layui/experdata/modules/layer/default/layer.experdata?v=3.5.1 HTTP/1.1" 404 179
Not Found: /static/layui/experdata/modules/code.experdata
"GET /static/layui/experdata/modules/code.experdata?v=3 HTTP/1.1" 404 179
Not Found: /media/article/20230308/city_in_the_clouds_by_tatasz_d8yebbu.png
"GET /media/article/20230308/city_in_the_clouds_by_tatasz_d8yebbu.png HTTP/1.1" 404 179
"GET / HTTP/1.1" 200 16064
Not Found: /static/article/monokai.css
"GET /static/article/monokai.css HTTP/1.1" 404 179
Not Found: /static/layui/experdata/modules/laydate/default/laydate.experdata
"GET /static/layui/experdata/modules/laydate/default/laydate.experdata?v=5.3.1 HTTP/1.1" 404 179
Not Found: /static/layui/experdata/modules/layer/default/layer.experdata
"GET /static/layui/experdata/modules/layer/default/layer.experdata?v=3.5.1 HTTP/1.1" 404 179
Not Found: /static/layui/experdata/modules/code.experdata
"GET /static/layui/experdata/modules/code.experdata?v=3 HTTP/1.1" 404 179
Not Found: /media/article/20230308/city_in_the_clouds_by_tatasz_d8yebbu.png
"GET /media/article/20230308/city_in_the_clouds_by_tatasz_d8yebbu.png HTTP/1.1" 404 179
"GET /article/article_detail/10/ HTTP/1.1" 200 60568
Not Found: /static/article/monokai.css
Not Found: /static/prism/prism.css
"GET /static/article/monokai.css HTTP/1.1" 404 179
"GET /static/prism/prism.css HTTP/1.1" 404 179
Not Found: /static/prism/prism.js
Not Found: /static/ckeditor/ckeditor-init.js
Not Found: /static/ckeditor/ckeditor/ckeditor.js
"GET /static/prism/prism.js HTTP/1.1" 404 179
"GET /static/ckeditor/ckeditor-init.js HTTP/1.1" 404 179
"GET /static/ckeditor/ckeditor/ckeditor.js HTTP/1.1" 404 179
Not Found: /static/sticky-sidebar/sticky-sidebar.js
Not Found: /static/csrf.js
"GET /static/sticky-sidebar/sticky-sidebar.js HTTP/1.1" 404 179
"GET /static/csrf.js HTTP/1.1" 404 179
Not Found: /static/layui/experdata/modules/laydate/default/laydate.experdata
"GET /static/layui/experdata/modules/laydate/default/laydate.experdata?v=5.3.1 HTTP/1.1" 404 179
Not Found: /static/layui/experdata/modules/layer/default/layer.experdata
"GET /static/layui/experdata/modules/layer/default/layer.experdata?v=3.5.1 HTTP/1.1" 404 179
Not Found: /static/layui/experdata/modules/code.experdata
"GET /static/layui/experdata/modules/code.experdata?v=3 HTTP/1.1" 404 179
Not Found: /static/prism/prism.css
Not Found: /static/ckeditor/ckeditor/plugins/smiley/images/angry_smile.png
"GET /static/prism/prism.css HTTP/1.1" 404 179
"GET /static/ckeditor/ckeditor/plugins/smiley/images/angry_smile.png HTTP/1.1" 404 179
Forbidden (CSRF token missing.): /article/increase-likes/10/
"POST /article/increase-likes/10/ HTTP/1.1" 403 1019
Forbidden (CSRF token missing.): /article/increase-likes/10/
"POST /article/increase-likes/10/ HTTP/1.1" 403 1019
Forbidden (CSRF token missing.): /article/increase-likes/10/
"POST /article/increase-likes/10/ HTTP/1.1" 403 1019
Forbidden (CSRF token missing.): /article/increase-likes/10/
"POST /article/increase-likes/10/ HTTP/1.1" 403 1019
Forbidden (CSRF token missing.): /article/increase-likes/10/
"POST /article/increase-likes/10/ HTTP/1.1" 403 1019
Forbidden (CSRF token missing.): /article/increase-likes/10/
"POST /article/increase-likes/10/ HTTP/1.1" 403 1019
"GET /accounts/login/ HTTP/1.1" 200 5694
Not Found: /static/article/monokai.css
"GET /static/article/monokai.css HTTP/1.1" 404 179
Not Found: /static/layui/experdata/modules/laydate/default/laydate.experdata
"GET /static/layui/experdata/modules/laydate/default/laydate.experdata?v=5.3.1 HTTP/1.1" 404 179
Not Found: /static/layui/experdata/modules/layer/default/layer.experdata
"GET /static/layui/experdata/modules/layer/default/layer.experdata?v=3.5.1 HTTP/1.1" 404 179
Not Found: /static/layui/experdata/modules/code.experdata
"GET /static/layui/experdata/modules/code.experdata?v=3 HTTP/1.1" 404 179
"GET /article/article_detail/9/ HTTP/1.1" 200 28804
Not Found: /static/article/monokai.css
Not Found: /static/prism/prism.css
"GET /static/article/monokai.css HTTP/1.1" 404 179
"GET /static/prism/prism.css HTTP/1.1" 404 179
Not Found: /static/prism/prism.js
Not Found: /static/ckeditor/ckeditor-init.js
Not Found: /static/ckeditor/ckeditor/ckeditor.js
"GET /static/prism/prism.js HTTP/1.1" 404 179
Not Found: /static/sticky-sidebar/sticky-sidebar.js
"GET /static/ckeditor/ckeditor-init.js HTTP/1.1" 404 179
Not Found: /static/csrf.js
"GET /static/ckeditor/ckeditor/ckeditor.js HTTP/1.1" 404 179
"GET /static/sticky-sidebar/sticky-sidebar.js HTTP/1.1" 404 179
"GET /static/csrf.js HTTP/1.1" 404 179
Not Found: /static/layui/experdata/modules/laydate/default/laydate.experdata
"GET /static/layui/experdata/modules/laydate/default/laydate.experdata?v=5.3.1 HTTP/1.1" 404 179
Not Found: /static/layui/experdata/modules/layer/default/layer.experdata
"GET /static/layui/experdata/modules/layer/default/layer.experdata?v=3.5.1 HTTP/1.1" 404 179
Not Found: /static/layui/experdata/modules/code.experdata
"GET /static/layui/experdata/modules/code.experdata?v=3 HTTP/1.1" 404 179
Not Found: /static/prism/prism.css
"GET /static/prism/prism.css HTTP/1.1" 404 179
"POST /accounts/login/ HTTP/1.1" 302 0
"GET / HTTP/1.1" 200 18390
Not Found: /static/article/monokai.css
Not Found: /media/article/20230308/city_in_the_clouds_by_tatasz_d8yebbu.png
"GET /static/article/monokai.css HTTP/1.1" 404 179
"GET /media/article/20230308/city_in_the_clouds_by_tatasz_d8yebbu.png HTTP/1.1" 404 179
Not Found: /static/layui/experdata/modules/laydate/default/laydate.experdata
"GET /static/layui/experdata/modules/laydate/default/laydate.experdata?v=5.3.1 HTTP/1.1" 404 179
Not Found: /static/layui/experdata/modules/layer/default/layer.experdata
"GET /static/layui/experdata/modules/layer/default/layer.experdata?v=3.5.1 HTTP/1.1" 404 179
Not Found: /static/layui/experdata/modules/code.experdata
"GET /static/layui/experdata/modules/code.experdata?v=3 HTTP/1.1" 404 179
Not Found: /static/article/monokai.css
Not Found: /static/layui/experdata/modules/laydate/default/laydate.experdata
Not Found: /static/layui/experdata/modules/layer/default/layer.experdata
Not Found: /static/layui/experdata/modules/code.experdata
"GET /static/article/monokai.css HTTP/1.1" 404 179
"GET /static/layui/experdata/modules/laydate/default/laydate.experdata?v=5.3.1 HTTP/1.1" 404 179
"GET /static/layui/experdata/modules/layer/default/layer.experdata?v=3.5.1 HTTP/1.1" 404 179
"GET /static/layui/experdata/modules/code.experdata?v=3 HTTP/1.1" 404 179
Not Found: /media/article/20230308/city_in_the_clouds_by_tatasz_d8yebbu.png
"GET /media/article/20230308/city_in_the_clouds_by_tatasz_d8yebbu.png HTTP/1.1" 404 179
"GET / HTTP/1.1" 200 18390
Not Found: /static/article/monokai.css
"GET /static/article/monokai.css HTTP/1.1" 404 179
Not Found: /static/layui/experdata/modules/laydate/default/laydate.experdata
"GET /static/layui/experdata/modules/laydate/default/laydate.experdata?v=5.3.1 HTTP/1.1" 404 179
Not Found: /static/layui/experdata/modules/layer/default/layer.experdata
"GET /static/layui/experdata/modules/layer/default/layer.experdata?v=3.5.1 HTTP/1.1" 404 179
Not Found: /static/layui/experdata/modules/code.experdata
"GET /static/layui/experdata/modules/code.experdata?v=3 HTTP/1.1" 404 179
Not Found: /media/article/20230308/city_in_the_clouds_by_tatasz_d8yebbu.png
"GET /media/article/20230308/city_in_the_clouds_by_tatasz_d8yebbu.png HTTP/1.1" 404 179
Not Found: /article/20230308/city_in_the_clouds_by_tatasz_d8yebbu.png
"GET /article/20230308/city_in_the_clouds_by_tatasz_d8yebbu.png HTTP/1.1" 404 179
Not Found: /article/20230308/531-bigskin-4.jpg
"GET /article/20230308/531-bigskin-4.jpg HTTP/1.1" 404 179
Not Found: /media/article/20230308/city_in_the_clouds_by_tatasz_d8yebbu.png
"GET /media/article/20230308/city_in_the_clouds_by_tatasz_d8yebbu.png HTTP/1.1" 404 179
"GET /article/article_list/?page=2&order=None&search=&column=&tag= HTTP/1.1" 200 16462
Not Found: /static/article/monokai.css
Not Found: /media/article/20230308/杨戬直上青云.png
"GET /static/article/monokai.css HTTP/1.1" 404 179
"GET /media/article/20230308/%E6%9D%A8%E6%88%AC%E7%9B%B4%E4%B8%8A%E9%9D%92%E4%BA%91.png HTTP/1.1" 404 179
Not Found: /media/article/20230308/签名.png
"GET /media/article/20230308/%E7%AD%BE%E5%90%8D.png HTTP/1.1" 404 179
Not Found: /static/layui/experdata/modules/laydate/default/laydate.experdata
"GET /static/layui/experdata/modules/laydate/default/laydate.experdata?v=5.3.1 HTTP/1.1" 404 179
Not Found: /static/layui/experdata/modules/layer/default/layer.experdata
"GET /static/layui/experdata/modules/layer/default/layer.experdata?v=3.5.1 HTTP/1.1" 404 179
Not Found: /static/layui/experdata/modules/code.experdata
"GET /static/layui/experdata/modules/code.experdata?v=3 HTTP/1.1" 404 179
Not Found: /media/article/20230308/元素周期表壁纸.jpeg
"GET /media/article/20230308/%E5%85%83%E7%B4%A0%E5%91%A8%E6%9C%9F%E8%A1%A8%E5%A3%81%E7%BA%B8.jpeg HTTP/1.1" 404 179
"GET /article/article_list/?page=3&order=None&search=&column=&tag= HTTP/1.1" 200 15162
Not Found: /static/article/monokai.css
"GET /static/article/monokai.css HTTP/1.1" 404 179
Not Found: /static/layui/experdata/modules/laydate/default/laydate.experdata
"GET /static/layui/experdata/modules/laydate/default/laydate.experdata?v=5.3.1 HTTP/1.1" 404 179
Not Found: /static/layui/experdata/modules/layer/default/layer.experdata
"GET /static/layui/experdata/modules/layer/default/layer.experdata?v=3.5.1 HTTP/1.1" 404 179
Not Found: /static/layui/experdata/modules/code.experdata
"GET /static/layui/experdata/modules/code.experdata?v=3 HTTP/1.1" 404 179
"GET /article/article_list/?page=4&order=None&search=&column=&tag= HTTP/1.1" 200 9996
Not Found: /static/article/monokai.css
"GET /static/article/monokai.css HTTP/1.1" 404 179
Not Found: /static/layui/experdata/modules/laydate/default/laydate.experdata
"GET /static/layui/experdata/modules/laydate/default/laydate.experdata?v=5.3.1 HTTP/1.1" 404 179
Not Found: /static/layui/experdata/modules/layer/default/layer.experdata
Not Found: /static/layui/experdata/modules/code.experdata
"GET /static/layui/experdata/modules/layer/default/layer.experdata?v=3.5.1 HTTP/1.1" 404 179
"GET /static/layui/experdata/modules/code.experdata?v=3 HTTP/1.1" 404 179
"GET /article/article_list/?page=3&order=None&search=&column=&tag= HTTP/1.1" 200 15162
Not Found: /static/article/monokai.css
"GET /static/article/monokai.css HTTP/1.1" 404 179
Not Found: /static/layui/experdata/modules/laydate/default/laydate.experdata
"GET /static/layui/experdata/modules/laydate/default/laydate.experdata?v=5.3.1 HTTP/1.1" 404 179
Not Found: /static/layui/experdata/modules/layer/default/layer.experdata
Not Found: /static/layui/experdata/modules/code.experdata
"GET /static/layui/experdata/modules/layer/default/layer.experdata?v=3.5.1 HTTP/1.1" 404 179
"GET /static/layui/experdata/modules/code.experdata?v=3 HTTP/1.1" 404 179
"GET /article/article_list/?page=1&order=None&search=&column=&tag= HTTP/1.1" 200 18390
Not Found: /static/article/monokai.css
Not Found: /media/article/20230308/city_in_the_clouds_by_tatasz_d8yebbu.png
"GET /static/article/monokai.css HTTP/1.1" 404 179
"GET /media/article/20230308/city_in_the_clouds_by_tatasz_d8yebbu.png HTTP/1.1" 404 179
Not Found: /static/layui/experdata/modules/laydate/default/laydate.experdata
"GET /static/layui/experdata/modules/laydate/default/laydate.experdata?v=5.3.1 HTTP/1.1" 404 179
Not Found: /static/layui/experdata/modules/layer/default/layer.experdata
"GET /static/layui/experdata/modules/layer/default/layer.experdata?v=3.5.1 HTTP/1.1" 404 179
Not Found: /static/layui/experdata/modules/code.experdata
"GET /static/layui/experdata/modules/code.experdata?v=3 HTTP/1.1" 404 179
"GET /article/article_list/ HTTP/1.1" 200 18390
Not Found: /static/article/monokai.css
Not Found: /media/article/20230308/city_in_the_clouds_by_tatasz_d8yebbu.png
"GET /static/article/monokai.css HTTP/1.1" 404 179
"GET /media/article/20230308/city_in_the_clouds_by_tatasz_d8yebbu.png HTTP/1.1" 404 179
Not Found: /static/layui/experdata/modules/laydate/default/laydate.experdata
"GET /static/layui/experdata/modules/laydate/default/laydate.experdata?v=5.3.1 HTTP/1.1" 404 179
Not Found: /static/layui/experdata/modules/layer/default/layer.experdata
"GET /static/layui/experdata/modules/layer/default/layer.experdata?v=3.5.1 HTTP/1.1" 404 179
Not Found: /static/layui/experdata/modules/code.experdata
"GET /static/layui/experdata/modules/code.experdata?v=3 HTTP/1.1" 404 179
"GET /article/article_list/?page=2&order=None&search=&column=&tag= HTTP/1.1" 200 16462
Not Found: /static/article/monokai.css
Not Found: /media/article/20230308/杨戬直上青云.png
"GET /static/article/monokai.css HTTP/1.1" 404 179
"GET /media/article/20230308/%E6%9D%A8%E6%88%AC%E7%9B%B4%E4%B8%8A%E9%9D%92%E4%BA%91.png HTTP/1.1" 404 179
Not Found: /media/article/20230308/签名.png
"GET /media/article/20230308/%E7%AD%BE%E5%90%8D.png HTTP/1.1" 404 179
Not Found: /static/layui/experdata/modules/laydate/default/laydate.experdata
"GET /static/layui/experdata/modules/laydate/default/laydate.experdata?v=5.3.1 HTTP/1.1" 404 179
Not Found: /static/layui/experdata/modules/layer/default/layer.experdata
"GET /static/layui/experdata/modules/layer/default/layer.experdata?v=3.5.1 HTTP/1.1" 404 179
Not Found: /static/layui/experdata/modules/code.experdata
"GET /static/layui/experdata/modules/code.experdata?v=3 HTTP/1.1" 404 179
Not Found: /media/article/20230308/元素周期表壁纸.jpeg
"GET /media/article/20230308/%E5%85%83%E7%B4%A0%E5%91%A8%E6%9C%9F%E8%A1%A8%E5%A3%81%E7%BA%B8.jpeg HTTP/1.1" 404 179
"GET /article/article_list/?page=3&order=None&search=&column=&tag= HTTP/1.1" 200 15162
Not Found: /static/article/monokai.css
"GET /static/article/monokai.css HTTP/1.1" 404 179
Not Found: /static/layui/experdata/modules/laydate/default/laydate.experdata
"GET /static/layui/experdata/modules/laydate/default/laydate.experdata?v=5.3.1 HTTP/1.1" 404 179
Not Found: /static/layui/experdata/modules/layer/default/layer.experdata
Not Found: /static/layui/experdata/modules/code.experdata
"GET /static/layui/experdata/modules/layer/default/layer.experdata?v=3.5.1 HTTP/1.1" 404 179
"GET /static/layui/experdata/modules/code.experdata?v=3 HTTP/1.1" 404 179
"GET /article/article_list/?page=4&order=None&search=&column=&tag= HTTP/1.1" 200 9996
Not Found: /static/article/monokai.css
"GET /static/article/monokai.css HTTP/1.1" 404 179
Not Found: /static/layui/experdata/modules/laydate/default/laydate.experdata
"GET /static/layui/experdata/modules/laydate/default/laydate.experdata?v=5.3.1 HTTP/1.1" 404 179
Not Found: /static/layui/experdata/modules/layer/default/layer.experdata
Not Found: /static/layui/experdata/modules/code.experdata
"GET /static/layui/experdata/modules/layer/default/layer.experdata?v=3.5.1 HTTP/1.1" 404 179
"GET /static/layui/experdata/modules/code.experdata?v=3 HTTP/1.1" 404 179
"GET /article/article_list/?page=1&order=None&search=&column=&tag= HTTP/1.1" 200 18390
Not Found: /static/article/monokai.css
Not Found: /media/article/20230308/city_in_the_clouds_by_tatasz_d8yebbu.png
"GET /static/article/monokai.css HTTP/1.1" 404 179
"GET /media/article/20230308/city_in_the_clouds_by_tatasz_d8yebbu.png HTTP/1.1" 404 179
Not Found: /static/layui/experdata/modules/laydate/default/laydate.experdata
"GET /static/layui/experdata/modules/laydate/default/laydate.experdata?v=5.3.1 HTTP/1.1" 404 179
Not Found: /static/layui/experdata/modules/layer/default/layer.experdata
"GET /static/layui/experdata/modules/layer/default/layer.experdata?v=3.5.1 HTTP/1.1" 404 179
Not Found: /static/layui/experdata/modules/code.experdata
"GET /static/layui/experdata/modules/code.experdata?v=3 HTTP/1.1" 404 179
"GET /article/article_list/?page=2&order=None&search=&column=&tag= HTTP/1.1" 200 16462
Not Found: /static/article/monokai.css
Not Found: /media/article/20230308/杨戬直上青云.png
"GET /static/article/monokai.css HTTP/1.1" 404 179
"GET /media/article/20230308/%E6%9D%A8%E6%88%AC%E7%9B%B4%E4%B8%8A%E9%9D%92%E4%BA%91.png HTTP/1.1" 404 179
Not Found: /media/article/20230308/签名.png
"GET /media/article/20230308/%E7%AD%BE%E5%90%8D.png HTTP/1.1" 404 179
Not Found: /static/layui/experdata/modules/laydate/default/laydate.experdata
"GET /static/layui/experdata/modules/laydate/default/laydate.experdata?v=5.3.1 HTTP/1.1" 404 179
Not Found: /static/layui/experdata/modules/layer/default/layer.experdata
"GET /static/layui/experdata/modules/layer/default/layer.experdata?v=3.5.1 HTTP/1.1" 404 179
Not Found: /static/layui/experdata/modules/code.experdata
"GET /static/layui/experdata/modules/code.experdata?v=3 HTTP/1.1" 404 179
Not Found: /media/article/20230308/元素周期表壁纸.jpeg
"GET /media/article/20230308/%E5%85%83%E7%B4%A0%E5%91%A8%E6%9C%9F%E8%A1%A8%E5%A3%81%E7%BA%B8.jpeg HTTP/1.1" 404 179
Internal Server Error: /article/article_list/
Traceback (most recent call last):
  File "D:\anaconda3\lib\site-packages\django\core\handlers\exception.py", line 55, in inner
    response = get_response(request)
  File "D:\anaconda3\lib\site-packages\django\core\handlers\base.py", line 197, in _get_response
    response = wrapped_callback(request, *callback_args, **callback_kwargs)
  File "D:\django_study\my_blog\article\views.py", line 86, in article_list
    return render(request, 'article/article_list.html',
  File "D:\anaconda3\lib\site-packages\django\shortcuts.py", line 24, in render
    content = loader.render_to_string(template_name, context, request, using=using)
  File "D:\anaconda3\lib\site-packages\django\template\loader.py", line 62, in render_to_string
    return template.render(context, request)
  File "D:\anaconda3\lib\site-packages\django\template\backends\django.py", line 62, in render
    return self.template.render(context)
  File "D:\anaconda3\lib\site-packages\django\template\base.py", line 175, in render
    return self._render(context)
  File "D:\anaconda3\lib\site-packages\django\template\base.py", line 167, in _render
    return self.nodelist.render(context)
  File "D:\anaconda3\lib\site-packages\django\template\base.py", line 1005, in render
    return SafeString("".join([node.render_annotated(context) for node in self]))
  File "D:\anaconda3\lib\site-packages\django\template\base.py", line 1005, in <listcomp>
    return SafeString("".join([node.render_annotated(context) for node in self]))
  File "D:\anaconda3\lib\site-packages\django\template\base.py", line 966, in render_annotated
    return self.render(context)
  File "D:\anaconda3\lib\site-packages\django\template\loader_tags.py", line 157, in render
    return compiled_parent._render(context)
  File "D:\anaconda3\lib\site-packages\django\template\base.py", line 167, in _render
    return self.nodelist.render(context)
  File "D:\anaconda3\lib\site-packages\django\template\base.py", line 1005, in render
    return SafeString("".join([node.render_annotated(context) for node in self]))
  File "D:\anaconda3\lib\site-packages\django\template\base.py", line 1005, in <listcomp>
    return SafeString("".join([node.render_annotated(context) for node in self]))
  File "D:\anaconda3\lib\site-packages\django\template\base.py", line 966, in render_annotated
    return self.render(context)
  File "D:\anaconda3\lib\site-packages\django\templatetags\static.py", line 116, in render
    url = self.url(context)
  File "D:\anaconda3\lib\site-packages\django\templatetags\static.py", line 113, in url
    return self.handle_simple(path)
  File "D:\anaconda3\lib\site-packages\django\templatetags\static.py", line 129, in handle_simple
    return staticfiles_storage.url(path)
  File "D:\anaconda3\lib\site-packages\django\utils\functional.py", line 266, in inner
    self._setup()
  File "D:\anaconda3\lib\site-packages\django\contrib\staticfiles\storage.py", line 496, in _setup
    self._wrapped = get_storage_class(settings.STATICFILES_STORAGE)()
  File "D:\anaconda3\lib\site-packages\django\contrib\staticfiles\storage.py", line 29, in __init__
    check_settings(base_url)
  File "D:\anaconda3\lib\site-packages\django\contrib\staticfiles\utils.py", line 49, in check_settings
    raise ImproperlyConfigured(
django.core.exceptions.ImproperlyConfigured: You're using the staticfiles app without having set the required STATIC_URL setting.
"GET /article/article_list/?page=2&order=None&search=&column=&tag= HTTP/1.1" 500 145
Internal Server Error: /article/article_list/
Traceback (most recent call last):
  File "D:\anaconda3\lib\site-packages\django\core\handlers\exception.py", line 55, in inner
    response = get_response(request)
  File "D:\anaconda3\lib\site-packages\django\core\handlers\base.py", line 197, in _get_response
    response = wrapped_callback(request, *callback_args, **callback_kwargs)
  File "D:\django_study\my_blog\article\views.py", line 86, in article_list
    return render(request, 'article/article_list.html',
  File "D:\anaconda3\lib\site-packages\django\shortcuts.py", line 24, in render
    content = loader.render_to_string(template_name, context, request, using=using)
  File "D:\anaconda3\lib\site-packages\django\template\loader.py", line 62, in render_to_string
    return template.render(context, request)
  File "D:\anaconda3\lib\site-packages\django\template\backends\django.py", line 62, in render
    return self.template.render(context)
  File "D:\anaconda3\lib\site-packages\django\template\base.py", line 175, in render
    return self._render(context)
  File "D:\anaconda3\lib\site-packages\django\template\base.py", line 167, in _render
    return self.nodelist.render(context)
  File "D:\anaconda3\lib\site-packages\django\template\base.py", line 1005, in render
    return SafeString("".join([node.render_annotated(context) for node in self]))
  File "D:\anaconda3\lib\site-packages\django\template\base.py", line 1005, in <listcomp>
    return SafeString("".join([node.render_annotated(context) for node in self]))
  File "D:\anaconda3\lib\site-packages\django\template\base.py", line 966, in render_annotated
    return self.render(context)
  File "D:\anaconda3\lib\site-packages\django\template\loader_tags.py", line 157, in render
    return compiled_parent._render(context)
  File "D:\anaconda3\lib\site-packages\django\template\base.py", line 167, in _render
    return self.nodelist.render(context)
  File "D:\anaconda3\lib\site-packages\django\template\base.py", line 1005, in render
    return SafeString("".join([node.render_annotated(context) for node in self]))
  File "D:\anaconda3\lib\site-packages\django\template\base.py", line 1005, in <listcomp>
    return SafeString("".join([node.render_annotated(context) for node in self]))
  File "D:\anaconda3\lib\site-packages\django\template\base.py", line 966, in render_annotated
    return self.render(context)
  File "D:\anaconda3\lib\site-packages\django\templatetags\static.py", line 116, in render
    url = self.url(context)
  File "D:\anaconda3\lib\site-packages\django\templatetags\static.py", line 113, in url
    return self.handle_simple(path)
  File "D:\anaconda3\lib\site-packages\django\templatetags\static.py", line 129, in handle_simple
    return staticfiles_storage.url(path)
  File "D:\anaconda3\lib\site-packages\django\utils\functional.py", line 266, in inner
    self._setup()
  File "D:\anaconda3\lib\site-packages\django\contrib\staticfiles\storage.py", line 496, in _setup
    self._wrapped = get_storage_class(settings.STATICFILES_STORAGE)()
  File "D:\anaconda3\lib\site-packages\django\contrib\staticfiles\storage.py", line 29, in __init__
    check_settings(base_url)
  File "D:\anaconda3\lib\site-packages\django\contrib\staticfiles\utils.py", line 49, in check_settings
    raise ImproperlyConfigured(
django.core.exceptions.ImproperlyConfigured: You're using the staticfiles app without having set the required STATIC_URL setting.
"GET /article/article_list/?page=2&order=None&search=&column=&tag= HTTP/1.1" 500 145
Internal Server Error: /
Traceback (most recent call last):
  File "D:\anaconda3\lib\site-packages\django\core\handlers\exception.py", line 55, in inner
    response = get_response(request)
  File "D:\anaconda3\lib\site-packages\django\core\handlers\base.py", line 197, in _get_response
    response = wrapped_callback(request, *callback_args, **callback_kwargs)
  File "D:\django_study\my_blog\article\views.py", line 86, in article_list
    return render(request, 'article/article_list.html',
  File "D:\anaconda3\lib\site-packages\django\shortcuts.py", line 24, in render
    content = loader.render_to_string(template_name, context, request, using=using)
  File "D:\anaconda3\lib\site-packages\django\template\loader.py", line 62, in render_to_string
    return template.render(context, request)
  File "D:\anaconda3\lib\site-packages\django\template\backends\django.py", line 62, in render
    return self.template.render(context)
  File "D:\anaconda3\lib\site-packages\django\template\base.py", line 175, in render
    return self._render(context)
  File "D:\anaconda3\lib\site-packages\django\template\base.py", line 167, in _render
    return self.nodelist.render(context)
  File "D:\anaconda3\lib\site-packages\django\template\base.py", line 1005, in render
    return SafeString("".join([node.render_annotated(context) for node in self]))
  File "D:\anaconda3\lib\site-packages\django\template\base.py", line 1005, in <listcomp>
    return SafeString("".join([node.render_annotated(context) for node in self]))
  File "D:\anaconda3\lib\site-packages\django\template\base.py", line 966, in render_annotated
    return self.render(context)
  File "D:\anaconda3\lib\site-packages\django\template\loader_tags.py", line 157, in render
    return compiled_parent._render(context)
  File "D:\anaconda3\lib\site-packages\django\template\base.py", line 167, in _render
    return self.nodelist.render(context)
  File "D:\anaconda3\lib\site-packages\django\template\base.py", line 1005, in render
    return SafeString("".join([node.render_annotated(context) for node in self]))
  File "D:\anaconda3\lib\site-packages\django\template\base.py", line 1005, in <listcomp>
    return SafeString("".join([node.render_annotated(context) for node in self]))
  File "D:\anaconda3\lib\site-packages\django\template\base.py", line 966, in render_annotated
    return self.render(context)
  File "D:\anaconda3\lib\site-packages\django\templatetags\static.py", line 116, in render
    url = self.url(context)
  File "D:\anaconda3\lib\site-packages\django\templatetags\static.py", line 113, in url
    return self.handle_simple(path)
  File "D:\anaconda3\lib\site-packages\django\templatetags\static.py", line 129, in handle_simple
    return staticfiles_storage.url(path)
  File "D:\anaconda3\lib\site-packages\django\utils\functional.py", line 266, in inner
    self._setup()
  File "D:\anaconda3\lib\site-packages\django\contrib\staticfiles\storage.py", line 496, in _setup
    self._wrapped = get_storage_class(settings.STATICFILES_STORAGE)()
  File "D:\anaconda3\lib\site-packages\django\contrib\staticfiles\storage.py", line 29, in __init__
    check_settings(base_url)
  File "D:\anaconda3\lib\site-packages\django\contrib\staticfiles\utils.py", line 49, in check_settings
    raise ImproperlyConfigured(
django.core.exceptions.ImproperlyConfigured: You're using the staticfiles app without having set the required STATIC_URL setting.
"GET / HTTP/1.1" 500 145
Watching for file changes with StatReloader
"GET / HTTP/1.1" 200 18390
Not Found: /static/article/monokai.css
Not Found: /media/article/20230308/city_in_the_clouds_by_tatasz_d8yebbu.png
"GET /static/article/monokai.css HTTP/1.1" 404 179
"GET /media/article/20230308/city_in_the_clouds_by_tatasz_d8yebbu.png HTTP/1.1" 404 179
Not Found: /static/layui/experdata/modules/laydate/default/laydate.experdata
"GET /static/layui/experdata/modules/laydate/default/laydate.experdata?v=5.3.1 HTTP/1.1" 404 179
Not Found: /static/layui/experdata/modules/layer/default/layer.experdata
"GET /static/layui/experdata/modules/layer/default/layer.experdata?v=3.5.1 HTTP/1.1" 404 179
Not Found: /static/layui/experdata/modules/code.experdata
"GET /static/layui/experdata/modules/code.experdata?v=3 HTTP/1.1" 404 179
Not Found: /static/article/monokai.css
Not Found: /static/layui/experdata/modules/laydate/default/laydate.experdata
Not Found: /static/layui/experdata/modules/layer/default/layer.experdata
Not Found: /static/layui/experdata/modules/code.experdata
"GET /static/article/monokai.css HTTP/1.1" 404 179
"GET /static/layui/experdata/modules/laydate/default/laydate.experdata?v=5.3.1 HTTP/1.1" 404 179
"GET /static/layui/experdata/modules/layer/default/layer.experdata?v=3.5.1 HTTP/1.1" 404 179
"GET /static/layui/experdata/modules/code.experdata?v=3 HTTP/1.1" 404 179
"GET /article/article_create/ HTTP/1.1" 200 8008
Not Found: /static/article/monokai.css
"GET /static/article/monokai.css HTTP/1.1" 404 179
Not Found: /static/layui/experdata/modules/laydate/default/laydate.experdata
"GET /static/layui/experdata/modules/laydate/default/laydate.experdata?v=5.3.1 HTTP/1.1" 404 179
Not Found: /static/layui/experdata/modules/layer/default/layer.experdata
"GET /static/layui/experdata/modules/layer/default/layer.experdata?v=3.5.1 HTTP/1.1" 404 179
Not Found: /static/layui/experdata/modules/code.experdata
"GET /static/layui/experdata/modules/code.experdata?v=3 HTTP/1.1" 404 179
"GET /article/article_create/ HTTP/1.1" 200 8008
Not Found: /static/article/monokai.css
"GET /static/article/monokai.css HTTP/1.1" 404 179
Not Found: /static/layui/experdata/modules/laydate/default/laydate.experdata
"GET /static/layui/experdata/modules/laydate/default/laydate.experdata?v=5.3.1 HTTP/1.1" 404 179
Not Found: /static/layui/experdata/modules/layer/default/layer.experdata
Not Found: /static/layui/experdata/modules/code.experdata
"GET /static/layui/experdata/modules/layer/default/layer.experdata?v=3.5.1 HTTP/1.1" 404 179
"GET /static/layui/experdata/modules/code.experdata?v=3 HTTP/1.1" 404 179
"GET / HTTP/1.1" 200 18361
Not Found: /static/article/monokai.css
"GET /static/article/monokai.css HTTP/1.1" 404 179
Not Found: /static/layui/layui.js
"GET /static/layui/layui.js HTTP/1.1" 404 179
Not Found: /media/article/20230308/city_in_the_clouds_by_tatasz_d8yebbu.png
"GET /media/article/20230308/city_in_the_clouds_by_tatasz_d8yebbu.png HTTP/1.1" 404 179
Not Found: /media/article/20230308/531-bigskin-4.jpg
Not Found: /media/article/20230308/maievShadowSong.png
"GET /media/article/20230308/531-bigskin-4.jpg HTTP/1.1" 404 179
"GET /media/article/20230308/maievShadowSong.png HTTP/1.1" 404 179
"GET /article/article_list/ HTTP/1.1" 200 18361
Not Found: /static/article/monokai.css
Not Found: /media/article/20230308/city_in_the_clouds_by_tatasz_d8yebbu.png
"GET /static/article/monokai.css HTTP/1.1" 404 179
"GET /media/article/20230308/city_in_the_clouds_by_tatasz_d8yebbu.png HTTP/1.1" 404 179
Not Found: /media/article/20230308/531-bigskin-4.jpg
"GET /media/article/20230308/531-bigskin-4.jpg HTTP/1.1" 404 179
Not Found: /static/layui/experdata/modules/laydate/default/laydate.experdata
"GET /static/layui/experdata/modules/laydate/default/laydate.experdata?v=5.3.1 HTTP/1.1" 404 179
Not Found: /static/layui/experdata/modules/layer/default/layer.experdata
"GET /static/layui/experdata/modules/layer/default/layer.experdata?v=3.5.1 HTTP/1.1" 404 179
Not Found: /static/layui/experdata/modules/code.experdata
"GET /static/layui/experdata/modules/code.experdata?v=3 HTTP/1.1" 404 179
Not Found: /media/article/20230308/maievShadowSong.png
"GET /media/article/20230308/maievShadowSong.png HTTP/1.1" 404 179
"GET /article/article_list/?page=2&order=None&search=&column=&tag= HTTP/1.1" 200 16433
Not Found: /static/article/monokai.css
"GET /static/article/monokai.css HTTP/1.1" 404 179
Not Found: /static/layui/layui.js
"GET /static/layui/layui.js HTTP/1.1" 404 179
Not Found: /media/article/20230308/杨戬直上青云.png
"GET /media/article/20230308/%E6%9D%A8%E6%88%AC%E7%9B%B4%E4%B8%8A%E9%9D%92%E4%BA%91.png HTTP/1.1" 404 179
Not Found: /media/article/20230308/签名.png
Not Found: /media/article/20230308/元素周期表壁纸.jpeg
"GET /media/article/20230308/%E7%AD%BE%E5%90%8D.png HTTP/1.1" 404 179
"GET /media/article/20230308/%E5%85%83%E7%B4%A0%E5%91%A8%E6%9C%9F%E8%A1%A8%E5%A3%81%E7%BA%B8.jpeg HTTP/1.1" 404 179
D:\django_study\my_blog\my_blog\settings.py changed, reloading.
Watching for file changes with StatReloader
"GET /article/article_list/?page=2&order=None&search=&column=&tag= HTTP/1.1" 200 16433
Not Found: /static/article/monokai.css
"GET /static/article/monokai.css HTTP/1.1" 404 179
Not Found: /static/layui/layui.js
"GET /static/layui/layui.js HTTP/1.1" 404 179
Not Found: /media/article/20230308/杨戬直上青云.png
"GET /media/article/20230308/%E6%9D%A8%E6%88%AC%E7%9B%B4%E4%B8%8A%E9%9D%92%E4%BA%91.png HTTP/1.1" 404 179
Not Found: /media/article/20230308/签名.png
Not Found: /media/article/20230308/元素周期表壁纸.jpeg
"GET /media/article/20230308/%E7%AD%BE%E5%90%8D.png HTTP/1.1" 404 179
"GET /media/article/20230308/%E5%85%83%E7%B4%A0%E5%91%A8%E6%9C%9F%E8%A1%A8%E5%A3%81%E7%BA%B8.jpeg HTTP/1.1" 404 179
"GET /article/article_list/ HTTP/1.1" 200 18361
Not Found: /static/article/monokai.css
"GET /static/article/monokai.css HTTP/1.1" 404 179
Not Found: /media/article/20230308/city_in_the_clouds_by_tatasz_d8yebbu.png
"GET /media/article/20230308/city_in_the_clouds_by_tatasz_d8yebbu.png HTTP/1.1" 404 179
Not Found: /media/article/20230308/531-bigskin-4.jpg
"GET /media/article/20230308/531-bigskin-4.jpg HTTP/1.1" 404 179
Not Found: /static/layui/experdata/modules/laydate/default/laydate.experdata
"GET /static/layui/experdata/modules/laydate/default/laydate.experdata?v=5.3.1 HTTP/1.1" 404 179
Not Found: /static/layui/experdata/modules/layer/default/layer.experdata
"GET /static/layui/experdata/modules/layer/default/layer.experdata?v=3.5.1 HTTP/1.1" 404 179
Not Found: /static/layui/experdata/modules/code.experdata
"GET /static/layui/experdata/modules/code.experdata?v=3 HTTP/1.1" 404 179
Not Found: /media/article/20230308/maievShadowSong.png
"GET /media/article/20230308/maievShadowSong.png HTTP/1.1" 404 179
Not Found: /media/article/20230308/签名.png
"GET /media/article/20230308/%E7%AD%BE%E5%90%8D.png HTTP/1.1" 404 179
"GET /article/article_list/?page=2&order=None&search=&column=&tag= HTTP/1.1" 200 16433
Not Found: /static/article/monokai.css
"GET /static/article/monokai.css HTTP/1.1" 404 179
Not Found: /static/layui/layui.js
"GET /static/layui/layui.js HTTP/1.1" 404 179
Not Found: /media/article/20230308/杨戬直上青云.png
"GET /media/article/20230308/%E6%9D%A8%E6%88%AC%E7%9B%B4%E4%B8%8A%E9%9D%92%E4%BA%91.png HTTP/1.1" 404 179
Not Found: /media/article/20230308/签名.png
Not Found: /media/article/20230308/元素周期表壁纸.jpeg
"GET /media/article/20230308/%E7%AD%BE%E5%90%8D.png HTTP/1.1" 404 179
"GET /media/article/20230308/%E5%85%83%E7%B4%A0%E5%91%A8%E6%9C%9F%E8%A1%A8%E5%A3%81%E7%BA%B8.jpeg HTTP/1.1" 404 179
"GET /article/article_detail/7/ HTTP/1.1" 200 25346
Not Found: /static/article/monokai.css
Not Found: /static/prism/prism.css
"GET /static/article/monokai.css HTTP/1.1" 404 179
"GET /static/prism/prism.css HTTP/1.1" 404 179
Not Found: /static/layui/layui.js
Not Found: /static/prism/prism.js
Not Found: /static/ckeditor/ckeditor-init.js
Not Found: /static/ckeditor/ckeditor/ckeditor.js
Not Found: /static/sticky-sidebar/sticky-sidebar.js
Not Found: /static/csrf.js
"GET /static/prism/prism.js HTTP/1.1" 404 179
"GET /static/layui/layui.js HTTP/1.1" 404 179
"GET /static/ckeditor/ckeditor-init.js HTTP/1.1" 404 179
"GET /static/ckeditor/ckeditor/ckeditor.js HTTP/1.1" 404 179
"GET /static/sticky-sidebar/sticky-sidebar.js HTTP/1.1" 404 179
"GET /static/csrf.js HTTP/1.1" 404 179
Not Found: /static/prism/prism.css
"GET /static/prism/prism.css HTTP/1.1" 404 179
"GET /comment/article/7/5 HTTP/1.1" 200 4210
Not Found: /static/ckeditor/ckeditor-init.js
Not Found: /static/ckeditor/ckeditor/ckeditor.js
Not Found: /static/csrf.js
"GET /static/ckeditor/ckeditor-init.js HTTP/1.1" 404 179
"GET /static/ckeditor/ckeditor/ckeditor.js HTTP/1.1" 404 179
"GET /static/csrf.js HTTP/1.1" 404 179
"GET /comment/article/7/7 HTTP/1.1" 200 4210
Not Found: /static/ckeditor/ckeditor-init.js
Not Found: /static/ckeditor/ckeditor/ckeditor.js
Not Found: /static/csrf.js
"GET /static/ckeditor/ckeditor-init.js HTTP/1.1" 404 179
"GET /static/ckeditor/ckeditor/ckeditor.js HTTP/1.1" 404 179
"GET /static/csrf.js HTTP/1.1" 404 179
Forbidden (CSRF token missing.): /article/increase-likes/7/
"POST /article/increase-likes/7/ HTTP/1.1" 403 1019
Forbidden (CSRF token missing.): /article/increase-likes/7/
"POST /article/increase-likes/7/ HTTP/1.1" 403 1019
Forbidden (CSRF token missing.): /article/increase-likes/7/
"POST /article/increase-likes/7/ HTTP/1.1" 403 1019
Forbidden (CSRF token missing.): /article/increase-likes/7/
"POST /article/increase-likes/7/ HTTP/1.1" 403 1019
Forbidden (CSRF token missing.): /article/increase-likes/7/
"POST /article/increase-likes/7/ HTTP/1.1" 403 1019
Forbidden (CSRF token missing.): /article/increase-likes/7/
"POST /article/increase-likes/7/ HTTP/1.1" 403 1019
"GET /article/article_detail/7/ HTTP/1.1" 200 25346
Not Found: /static/article/monokai.css
Not Found: /static/prism/prism.css
"GET /static/article/monokai.css HTTP/1.1" 404 179
"GET /static/prism/prism.css HTTP/1.1" 404 179
Not Found: /static/layui/layui.js
Not Found: /static/prism/prism.js
Not Found: /static/ckeditor/ckeditor-init.js
Not Found: /static/ckeditor/ckeditor/ckeditor.js
Not Found: /static/sticky-sidebar/sticky-sidebar.js
Not Found: /static/csrf.js
"GET /static/layui/layui.js HTTP/1.1" 404 179
"GET /static/prism/prism.js HTTP/1.1" 404 179
"GET /static/ckeditor/ckeditor-init.js HTTP/1.1" 404 179
"GET /static/ckeditor/ckeditor/ckeditor.js HTTP/1.1" 404 179
"GET /static/sticky-sidebar/sticky-sidebar.js HTTP/1.1" 404 179
"GET /static/csrf.js HTTP/1.1" 404 179
Not Found: /static/prism/prism.css
"GET /static/prism/prism.css HTTP/1.1" 404 179
D:\django_study\my_blog\my_blog\settings.py changed, reloading.
Watching for file changes with StatReloader
"GET / HTTP/1.1" 200 18361
"GET /static/article/monokai.css HTTP/1.1" 200 5120
"GET /static/layui/layui.js HTTP/1.1" 200 291146
"GET /static/layui/css/modules/laydate/default/laydate.css?v=5.3.1 HTTP/1.1" 200 7787
"GET /media/article/20230308/city_in_the_clouds_by_tatasz_d8yebbu.png HTTP/1.1" 200 147090
"GET /static/layui/css/modules/layer/default/layer.css?v=3.5.1 HTTP/1.1" 200 14323
"GET /static/layui/css/modules/code.css?v=3 HTTP/1.1" 200 1738
"GET /media/article/20230308/531-bigskin-4.jpg HTTP/1.1" 200 15652
"GET /media/article/20230308/maievShadowSong.png HTTP/1.1" 200 147945
"GET /article/article_detail/10/ HTTP/1.1" 200 64920
"GET /static/prism/prism.css HTTP/1.1" 200 2219
"GET /static/ckeditor/ckeditor-init.js HTTP/1.1" 200 1526
"GET /static/prism/prism.js HTTP/1.1" 200 47777
"GET /static/ckeditor/ckeditor/ckeditor.js HTTP/1.1" 200 756028
"GET /static/sticky-sidebar/sticky-sidebar.js HTTP/1.1" 200 25527
"GET /static/csrf.js HTTP/1.1" 200 1660
"GET /static/ckeditor/ckeditor/plugins/smiley/images/angry_smile.png HTTP/1.1" 200 1220
"POST /article/increase-likes/10/ HTTP/1.1" 200 7
"GET /comment/article/10/9 HTTP/1.1" 200 4211
"GET /static/ckeditor/ckeditor/config.js?t=M6K9 HTTP/1.1" 200 336
"GET /static/ckeditor/ckeditor/lang/en.js?t=M6K9 HTTP/1.1" 200 17503
"GET /static/ckeditor/ckeditor/skins/moono-lisa/editor.css?t=M6K9 HTTP/1.1" 200 48309
"GET /static/ckeditor/ckeditor/styles.js?t=M6K9 HTTP/1.1" 200 5577
"GET /static/ckeditor/ckeditor/plugins/codesnippet/plugin.js?t=M6K9 HTTP/1.1" 200 3824
"GET /static/ckeditor/ckeditor/plugins/tableselection/styles/tableselection.css?t=M6K9 HTTP/1.1" 200 1145
"GET /static/ckeditor/ckeditor/plugins/scayt/skins/moono-lisa/scayt.css?t=M6K9 HTTP/1.1" 200 381
"GET /static/ckeditor/ckeditor/plugins/scayt/dialogs/dialog.css?t=M6K9 HTTP/1.1" 200 419
"GET /static/ckeditor/ckeditor/plugins/codesnippet/lang/en.js?t=M6K9 HTTP/1.1" 200 369
"GET /static/ckeditor/ckeditor/plugins/dialog/styles/dialog.css?t=M6K9 HTTP/1.1" 200 249
"GET /static/ckeditor/ckeditor/plugins/copyformatting/styles/copyformatting.css?t=M6K9 HTTP/1.1" 200 1511
"GET /static/ckeditor/ckeditor/plugins/codesnippet/lib/highlight/highlight.pack.js HTTP/1.1" 200 30179
"GET /static/ckeditor/ckeditor/plugins/codesnippet/lib/highlight/styles/default.css?t=M6K9 HTTP/1.1" 200 2804
"GET /static/ckeditor/ckeditor/contents.css?t=M6K9 HTTP/1.1" 200 3092
"GET /static/ckeditor/ckeditor/skins/moono-lisa/icons.png?t=445cf24ebd HTTP/1.1" 200 12237
"GET /article/article_detail/10/ HTTP/1.1" 200 64901
"GET /static/sticky-sidebar/sticky-sidebar.js.map HTTP/1.1" 404 1867
"GET /article/article_detail/10/ HTTP/1.1" 200 65583
"GET /static/article/monokai.css HTTP/1.1" 200 5120
"GET /static/prism/prism.css HTTP/1.1" 200 2219
"GET /static/prism/prism.js HTTP/1.1" 200 47777
"GET /static/ckeditor/ckeditor-init.js HTTP/1.1" 200 1526
"GET /static/layui/layui.js HTTP/1.1" 200 291146
"GET /static/ckeditor/ckeditor/ckeditor.js HTTP/1.1" 200 756028
"GET /static/sticky-sidebar/sticky-sidebar.js HTTP/1.1" 200 25527
"GET /static/layui/css/modules/laydate/default/laydate.css?v=5.3.1 HTTP/1.1" 200 7787
"GET /static/layui/css/modules/layer/default/layer.css?v=3.5.1 HTTP/1.1" 200 14323
"GET /static/layui/css/modules/code.css?v=3 HTTP/1.1" 200 1738
"GET /static/csrf.js HTTP/1.1" 200 1660
"GET /static/ckeditor/ckeditor/plugins/smiley/images/angry_smile.png HTTP/1.1" 200 1220
"GET /static/sticky-sidebar/sticky-sidebar.js.map HTTP/1.1" 404 1867
"GET /static/ckeditor/ckeditor/config.js?t=M6K9 HTTP/1.1" 200 336
"GET /static/ckeditor/ckeditor/lang/en.js?t=M6K9 HTTP/1.1" 200 17503
"GET /static/ckeditor/ckeditor/skins/moono-lisa/editor.css?t=M6K9 HTTP/1.1" 200 48309
"GET /static/ckeditor/ckeditor/styles.js?t=M6K9 HTTP/1.1" 200 5577
"GET /static/ckeditor/ckeditor/plugins/codesnippet/plugin.js?t=M6K9 HTTP/1.1" 200 3824
"GET /static/ckeditor/ckeditor/plugins/scayt/dialogs/dialog.css?t=M6K9 HTTP/1.1" 200 419
"GET /static/ckeditor/ckeditor/plugins/scayt/skins/moono-lisa/scayt.css?t=M6K9 HTTP/1.1" 200 381
"GET /static/ckeditor/ckeditor/plugins/tableselection/styles/tableselection.css?t=M6K9 HTTP/1.1" 200 1145
"GET /static/ckeditor/ckeditor/plugins/codesnippet/lang/en.js?t=M6K9 HTTP/1.1" 200 369
"GET /static/ckeditor/ckeditor/plugins/dialog/styles/dialog.css?t=M6K9 HTTP/1.1" 200 249
"GET /static/ckeditor/ckeditor/plugins/copyformatting/styles/copyformatting.css?t=M6K9 HTTP/1.1" 200 1511
"GET /static/ckeditor/ckeditor/plugins/codesnippet/lib/highlight/highlight.pack.js HTTP/1.1" 200 30179
"GET /static/ckeditor/ckeditor/skins/moono-lisa/icons.png?t=445cf24ebd HTTP/1.1" 200 12237
"GET /static/ckeditor/ckeditor/plugins/copyformatting/styles/copyformatting.css?t=M6K9 HTTP/1.1" 200 1511
"GET /static/ckeditor/ckeditor/plugins/tableselection/styles/tableselection.css?t=M6K9 HTTP/1.1" 200 1145
"GET /static/ckeditor/ckeditor/contents.css?t=M6K9 HTTP/1.1" 200 3092
"GET /static/ckeditor/ckeditor/plugins/codesnippet/lib/highlight/styles/default.css?t=M6K9 HTTP/1.1" 200 2804
Watching for file changes with StatReloader
"GET /article/article_detail/10/ HTTP/1.1" 200 65583
"GET /static/article/monokai.css HTTP/1.1" 200 5120
"GET /static/prism/prism.css HTTP/1.1" 200 2219
"GET /static/ckeditor/ckeditor-init.js HTTP/1.1" 200 1526
"GET /static/prism/prism.js HTTP/1.1" 200 47777
"GET /static/layui/layui.js HTTP/1.1" 200 291146
"GET /static/ckeditor/ckeditor/ckeditor.js HTTP/1.1" 200 756028
"GET /static/sticky-sidebar/sticky-sidebar.js HTTP/1.1" 200 25527
"GET /static/layui/css/modules/laydate/default/laydate.css?v=5.3.1 HTTP/1.1" 200 7787
"GET /static/layui/css/modules/layer/default/layer.css?v=3.5.1 HTTP/1.1" 200 14323
"GET /static/layui/css/modules/code.css?v=3 HTTP/1.1" 200 1738
"GET /static/csrf.js HTTP/1.1" 200 1660
"GET /static/ckeditor/ckeditor/plugins/smiley/images/angry_smile.png HTTP/1.1" 200 1220
"GET /static/sticky-sidebar/sticky-sidebar.js.map HTTP/1.1" 404 1867
"GET / HTTP/1.1" 200 19027
"GET /static/article/monokai.css HTTP/1.1" 200 5120
"GET /static/layui/layui.js HTTP/1.1" 200 291146
"GET /static/layui/css/modules/laydate/default/laydate.css?v=5.3.1 HTTP/1.1" 200 7787
"GET /static/layui/css/modules/layer/default/layer.css?v=3.5.1 HTTP/1.1" 200 14323
"GET /static/layui/css/modules/code.css?v=3 HTTP/1.1" 200 1738
"GET /media/article/20230308/city_in_the_clouds_by_tatasz_d8yebbu.png HTTP/1.1" 200 147090
"GET /media/article/20230308/531-bigskin-4.jpg HTTP/1.1" 200 15652
"GET /media/article/20230308/maievShadowSong.png HTTP/1.1" 200 147945
D:\django_study\my_blog\my_blog\settings.py changed, reloading.
Watching for file changes with StatReloader
D:\django_study\my_blog\my_blog\settings.py changed, reloading.
Watching for file changes with StatReloader
D:\django_study\my_blog\my_blog\settings.py changed, reloading.
Watching for file changes with StatReloader
Watching for file changes with StatReloader
"GET / HTTP/1.1" 200 18879
"GET /static/article/monokai.css HTTP/1.1" 200 5120
"GET /static/layui/layui.js HTTP/1.1" 200 291146
"GET /media/article/20230308/city_in_the_clouds_by_tatasz_d8yebbu.png HTTP/1.1" 200 147090
"GET /static/layui/css/modules/laydate/default/laydate.css?v=5.3.1 HTTP/1.1" 200 7787
"GET /static/layui/css/modules/layer/default/layer.css?v=3.5.1 HTTP/1.1" 200 14323
"GET /static/layui/css/modules/code.css?v=3 HTTP/1.1" 200 1738
"GET /media/article/20230308/531-bigskin-4.jpg HTTP/1.1" 200 15652
"GET /media/article/20230308/maievShadowSong.png HTTP/1.1" 200 147945
"GET / HTTP/1.1" 200 18858
"GET /media/article/20230308/city_in_the_clouds_by_tatasz_d8yebbu.png HTTP/1.1" 304 0
"GET / HTTP/1.1" 200 18837
"GET /static/article/monokai.css HTTP/1.1" 200 5120
"GET /static/layui/layui.js HTTP/1.1" 200 291146
"GET /media/article/20230308/city_in_the_clouds_by_tatasz_d8yebbu.png HTTP/1.1" 200 147090
"GET /static/layui/css/modules/laydate/default/laydate.css?v=5.3.1 HTTP/1.1" 200 7787
"GET /static/layui/css/modules/layer/default/layer.css?v=3.5.1 HTTP/1.1" 200 14323
"GET /static/layui/css/modules/code.css?v=3 HTTP/1.1" 200 1738
"GET /media/article/20230308/531-bigskin-4.jpg HTTP/1.1" 200 15652
"GET /media/article/20230308/maievShadowSong.png HTTP/1.1" 200 147945
"GET /article/article_list/?tag=Java&order=None&search=&column= HTTP/1.1" 200 11263
"GET /static/article/monokai.css HTTP/1.1" 200 5120
"GET /static/layui/layui.js HTTP/1.1" 200 291146
"GET /static/layui/css/modules/laydate/default/laydate.css?v=5.3.1 HTTP/1.1" 200 7787
"GET /static/layui/css/modules/layer/default/layer.css?v=3.5.1 HTTP/1.1" 200 14323
"GET /static/layui/css/modules/code.css?v=3 HTTP/1.1" 200 1738
"GET /media/article/20230308/city_in_the_clouds_by_tatasz_d8yebbu.png HTTP/1.1" 200 147090
"GET /article/article_list/?column=3 HTTP/1.1" 200 18273
"GET /static/article/monokai.css HTTP/1.1" 200 5120
"GET /static/layui/layui.js HTTP/1.1" 200 291146
"GET /media/article/20230308/city_in_the_clouds_by_tatasz_d8yebbu.png HTTP/1.1" 200 147090
"GET /static/layui/css/modules/laydate/default/laydate.css?v=5.3.1 HTTP/1.1" 200 7787
"GET /static/layui/css/modules/layer/default/layer.css?v=3.5.1 HTTP/1.1" 200 14323
"GET /static/layui/css/modules/code.css?v=3 HTTP/1.1" 200 1738
"GET /media/article/20230308/%E5%85%83%E7%B4%A0%E5%91%A8%E6%9C%9F%E8%A1%A8%E5%A3%81%E7%BA%B8.jpeg HTTP/1.1" 200 26226
"GET /media/article/20230308/maievShadowSong.png HTTP/1.1" 200 147945
"GET /article/article_list/?tag=Java&order=None&search=&column=3 HTTP/1.1" 200 11269
"GET /static/article/monokai.css HTTP/1.1" 200 5120
"GET /static/layui/layui.js HTTP/1.1" 200 291146
"GET /media/article/20230308/city_in_the_clouds_by_tatasz_d8yebbu.png HTTP/1.1" 200 147090
"GET /static/layui/css/modules/laydate/default/laydate.css?v=5.3.1 HTTP/1.1" 200 7787
"GET /static/layui/css/modules/layer/default/layer.css?v=3.5.1 HTTP/1.1" 200 14323
"GET /static/layui/css/modules/code.css?v=3 HTTP/1.1" 200 1738
"GET /article/article_list/?tag=Java&order=None&search=&column=3 HTTP/1.1" 200 11179
"GET /article/article_list/?tag=Java&order=None&search=&column=3 HTTP/1.1" 200 11281
"GET /article/article_list/?tag=Java&order=None&search=&column=3 HTTP/1.1" 200 11305
"GET /article/article_list/?tag=Java&order=None&search=&column=3 HTTP/1.1" 200 11299
"GET /article/article_list/?tag=Java&order=None&search=&column=3 HTTP/1.1" 200 11317
"GET /article/article_list/?tag=Java&order=None&search=&column=3 HTTP/1.1" 200 11311
"GET /article/article_list/?tag=Java&order=None&search=&column=3 HTTP/1.1" 200 11335
"GET /article/article_list/?tag=Java&order=None&search=&column=3 HTTP/1.1" 200 11310
"GET /article/article_list/ HTTP/1.1" 200 18928
D:\django_study\my_blog\my_blog\urls.py changed, reloading.
Watching for file changes with StatReloader
"GET /article/article_list/ HTTP/1.1" 200 19502
"GET /article/article_list/?page=4&order=None&search=&column=&tag= HTTP/1.1" 200 11049
"GET /article/article_list/?page=1&order=None&search=&column=&tag= HTTP/1.1" 200 19502
"GET /article/article_list/?page=2&order=None&search=&column=&tag= HTTP/1.1" 200 17501
"GET /media/article/20230308/%E7%AD%BE%E5%90%8D.png HTTP/1.1" 200 91741
"GET /media/article/20230308/%E6%9D%A8%E6%88%AC%E7%9B%B4%E4%B8%8A%E9%9D%92%E4%BA%91.png HTTP/1.1" 200 60238
"GET /article/article_list/?page=2&order=None&search=&column=&tag= HTTP/1.1" 200 17492
"GET /article/article_list/?page=2&order=None&search=&column=&tag= HTTP/1.1" 200 17523
"GET /article/article_list/?page=2&order=None&search=&column=&tag= HTTP/1.1" 200 17200
"GET /article/article_list/?page=2&order=None&search=&column=&tag= HTTP/1.1" 200 17404
"GET /article/article_list/?page=2&order=None&search=&column=&tag= HTTP/1.1" 200 17523
"GET /article/article_list/?page=2&order=None&search=&column=&tag= HTTP/1.1" 200 17523
"GET /article/article_detail/6/ HTTP/1.1" 200 27101
Not Found: /article/article_detail/6/new/attachment/后台编辑的评论可以在前台展示了.png
"GET /article/article_detail/6/new/attachment/%E5%90%8E%E5%8F%B0%E7%BC%96%E8%BE%91%E7%9A%84%E8%AF%84%E8%AE%BA%E5%8F%AF%E4%BB%A5%E5%9C%A8%E5%89%8D%E5%8F%B0%E5%B1%95%E7%A4%BA%E4%BA%86.png HTTP/1.1" 404 4865
"GET /article/article_detail/6/ HTTP/1.1" 200 27101
Not Found: /article/article_detail/6/new/attachment/后台编辑的评论可以在前台展示了.png
"GET /article/article_detail/6/new/attachment/%E5%90%8E%E5%8F%B0%E7%BC%96%E8%BE%91%E7%9A%84%E8%AF%84%E8%AE%BA%E5%8F%AF%E4%BB%A5%E5%9C%A8%E5%89%8D%E5%8F%B0%E5%B1%95%E7%A4%BA%E4%BA%86.png HTTP/1.1" 404 4865
"GET /article/article_list/ HTTP/1.1" 200 19936
"GET /media/article/20230308/city_in_the_clouds_by_tatasz_d8yebbu.png HTTP/1.1" 304 0
"GET /article/article_list/ HTTP/1.1" 200 19941
"GET /article/article_list/ HTTP/1.1" 200 19941
"GET /static/article/monokai.css HTTP/1.1" 200 5120
"GET /static/layui/layui.js HTTP/1.1" 200 291146
"GET /static/layui/css/modules/laydate/default/laydate.css?v=5.3.1 HTTP/1.1" 200 7787
"GET /static/layui/css/modules/layer/default/layer.css?v=3.5.1 HTTP/1.1" 200 14323
"GET /static/layui/css/modules/code.css?v=3 HTTP/1.1" 200 1738
"GET /media/article/20230308/city_in_the_clouds_by_tatasz_d8yebbu.png HTTP/1.1" 200 147090
"GET /media/article/20230308/531-bigskin-4.jpg HTTP/1.1" 200 15652
"GET /media/article/20230308/maievShadowSong.png HTTP/1.1" 200 147945
"GET /article/article_list/ HTTP/1.1" 200 19866
"GET /static/article/monokai.css HTTP/1.1" 200 5120
"GET /static/layui/layui.js HTTP/1.1" 200 291146
"GET /static/layui/css/modules/laydate/default/laydate.css?v=5.3.1 HTTP/1.1" 200 7787
"GET /static/layui/css/modules/layer/default/layer.css?v=3.5.1 HTTP/1.1" 200 14323
"GET /static/layui/css/modules/code.css?v=3 HTTP/1.1" 200 1738
"GET /media/article/20230308/city_in_the_clouds_by_tatasz_d8yebbu.png HTTP/1.1" 200 147090
"GET /media/article/20230308/531-bigskin-4.jpg HTTP/1.1" 200 15652
"GET /media/article/20230308/maievShadowSong.png HTTP/1.1" 200 147945
"GET /article/article_list/ HTTP/1.1" 200 20118
"GET /static/article/monokai.css HTTP/1.1" 200 5120
"GET /static/layui/layui.js HTTP/1.1" 200 291146
"GET /static/layui/css/modules/laydate/default/laydate.css?v=5.3.1 HTTP/1.1" 200 7787
"GET /static/layui/css/modules/layer/default/layer.css?v=3.5.1 HTTP/1.1" 200 14323
"GET /static/layui/css/modules/code.css?v=3 HTTP/1.1" 200 1738
"GET /media/article/20230308/city_in_the_clouds_by_tatasz_d8yebbu.png HTTP/1.1" 200 147090
"GET /media/article/20230308/531-bigskin-4.jpg HTTP/1.1" 200 15652
"GET /media/article/20230308/maievShadowSong.png HTTP/1.1" 200 147945
"GET /article/article_list/ HTTP/1.1" 200 20328
"GET /article/article_list/ HTTP/1.1" 200 20538
"GET /article/article_list/ HTTP/1.1" 200 20740
"GET /article/article_list/ HTTP/1.1" 200 20740
"GET /static/article/monokai.css HTTP/1.1" 200 5120
"GET /static/layui/layui.js HTTP/1.1" 200 291146
"GET /static/layui/css/modules/laydate/default/laydate.css?v=5.3.1 HTTP/1.1" 200 7787
"GET /static/layui/css/modules/layer/default/layer.css?v=3.5.1 HTTP/1.1" 200 14323
"GET /static/layui/css/modules/code.css?v=3 HTTP/1.1" 200 1738
"GET /media/article/20230308/531-bigskin-4.jpg HTTP/1.1" 200 15652
"GET /media/article/20230308/city_in_the_clouds_by_tatasz_d8yebbu.png HTTP/1.1" 200 147090
"GET /media/article/20230308/maievShadowSong.png HTTP/1.1" 200 147945
"GET /article/article_list/ HTTP/1.1" 200 20745
"GET /article/article_list/ HTTP/1.1" 200 20745
"GET /static/article/monokai.css HTTP/1.1" 200 5120
"GET /static/layui/layui.js HTTP/1.1" 200 291146
"GET /static/layui/css/modules/laydate/default/laydate.css?v=5.3.1 HTTP/1.1" 200 7787
"GET /static/layui/css/modules/layer/default/layer.css?v=3.5.1 HTTP/1.1" 200 14323
"GET /static/layui/css/modules/code.css?v=3 HTTP/1.1" 200 1738
"GET /media/article/20230308/city_in_the_clouds_by_tatasz_d8yebbu.png HTTP/1.1" 200 147090
"GET /media/article/20230308/531-bigskin-4.jpg HTTP/1.1" 200 15652
"GET /media/article/20230308/maievShadowSong.png HTTP/1.1" 200 147945
"GET /article/article_list/ HTTP/1.1" 200 20750
"GET /static/article/monokai.css HTTP/1.1" 200 5120
"GET /static/layui/layui.js HTTP/1.1" 200 291146
"GET /static/layui/css/modules/laydate/default/laydate.css?v=5.3.1 HTTP/1.1" 200 7787
"GET /static/layui/css/modules/layer/default/layer.css?v=3.5.1 HTTP/1.1" 200 14323
"GET /static/layui/css/modules/code.css?v=3 HTTP/1.1" 200 1738
"GET /media/article/20230308/531-bigskin-4.jpg HTTP/1.1" 200 15652
"GET /media/article/20230308/city_in_the_clouds_by_tatasz_d8yebbu.png HTTP/1.1" 200 147090
"GET /media/article/20230308/maievShadowSong.png HTTP/1.1" 200 147945
"GET / HTTP/1.1" 200 20750
"GET /static/article/monokai.css HTTP/1.1" 200 5120
"GET /static/layui/layui.js HTTP/1.1" 200 291146
"GET /static/layui/css/modules/laydate/default/laydate.css?v=5.3.1 HTTP/1.1" 200 7787
"GET /static/layui/css/modules/layer/default/layer.css?v=3.5.1 HTTP/1.1" 200 14323
"GET /static/layui/css/modules/code.css?v=3 HTTP/1.1" 200 1738
"GET /media/article/20230308/531-bigskin-4.jpg HTTP/1.1" 200 15652
"GET /media/article/20230308/maievShadowSong.png HTTP/1.1" 200 147945
"GET /media/article/20230308/city_in_the_clouds_by_tatasz_d8yebbu.png HTTP/1.1" 200 147090
"GET / HTTP/1.1" 200 20286
"GET /static/article/monokai.css HTTP/1.1" 200 5120
"GET /static/layui/layui.js HTTP/1.1" 200 291146
"GET /static/layui/css/modules/laydate/default/laydate.css?v=5.3.1 HTTP/1.1" 200 7787
"GET /static/layui/css/modules/layer/default/layer.css?v=3.5.1 HTTP/1.1" 200 14323
"GET /static/layui/css/modules/code.css?v=3 HTTP/1.1" 200 1738
"GET /media/article/20230308/city_in_the_clouds_by_tatasz_d8yebbu.png HTTP/1.1" 200 147090
"GET /media/article/20230308/531-bigskin-4.jpg HTTP/1.1" 200 15652
"GET /media/article/20230308/maievShadowSong.png HTTP/1.1" 200 147945
"GET / HTTP/1.1" 200 19869
"GET /static/article/monokai.css HTTP/1.1" 200 5120
"GET /static/layui/layui.js HTTP/1.1" 200 291146
"GET /media/article/20230308/city_in_the_clouds_by_tatasz_d8yebbu.png HTTP/1.1" 200 147090
"GET /static/layui/css/modules/laydate/default/laydate.css?v=5.3.1 HTTP/1.1" 200 7787
"GET /static/layui/css/modules/layer/default/layer.css?v=3.5.1 HTTP/1.1" 200 14323
"GET /static/layui/css/modules/code.css?v=3 HTTP/1.1" 200 1738
"GET /media/article/20230308/531-bigskin-4.jpg HTTP/1.1" 200 15652
"GET /media/article/20230308/maievShadowSong.png HTTP/1.1" 200 147945
"GET /userprofile/edit/4/ HTTP/1.1" 200 7705
"GET /static/article/monokai.css HTTP/1.1" 200 5120
"GET /static/layui/layui.js HTTP/1.1" 200 291146
"GET /static/layui/css/modules/laydate/default/laydate.css?v=5.3.1 HTTP/1.1" 200 7787
"GET /static/layui/css/modules/layer/default/layer.css?v=3.5.1 HTTP/1.1" 200 14323
"GET /static/layui/css/modules/code.css?v=3 HTTP/1.1" 200 1738
"POST /userprofile/edit/4/ HTTP/1.1" 302 0
"GET /article/article_list/ HTTP/1.1" 200 19869
"GET /static/article/monokai.css HTTP/1.1" 200 5120
"GET /static/layui/layui.js HTTP/1.1" 200 291146
"GET /static/layui/css/modules/laydate/default/laydate.css?v=5.3.1 HTTP/1.1" 200 7787
"GET /static/layui/css/modules/layer/default/layer.css?v=3.5.1 HTTP/1.1" 200 14323
"GET /static/layui/css/modules/code.css?v=3 HTTP/1.1" 200 1738
"GET /media/article/20230308/city_in_the_clouds_by_tatasz_d8yebbu.png HTTP/1.1" 200 147090
"GET /media/article/20230308/531-bigskin-4.jpg HTTP/1.1" 200 15652
"GET /media/article/20230308/maievShadowSong.png HTTP/1.1" 200 147945
"GET /userprofile/edit/4/ HTTP/1.1" 200 7916
"GET /static/article/monokai.css HTTP/1.1" 200 5120
"GET /static/layui/layui.js HTTP/1.1" 200 291146
"GET /static/layui/css/modules/laydate/default/laydate.css?v=5.3.1 HTTP/1.1" 200 7787
"GET /static/layui/css/modules/layer/default/layer.css?v=3.5.1 HTTP/1.1" 200 14323
"GET /static/layui/css/modules/code.css?v=3 HTTP/1.1" 200 1738
"GET /media/avatar/20230405/%E6%89%8B%E6%8C%87%E8%A2%AB%E6%B0%B4%E6%B5%B8%E6%B3%A12.jpg HTTP/1.1" 200 2561702
"GET /media/avatar/20230405/%E6%89%8B%E6%8C%87%E8%A2%AB%E6%B0%B4%E6%B5%B8%E6%B3%A12.jpg HTTP/1.1" 200 2561702
"GET /media/avatar/20230405/%E6%89%8B%E6%8C%87%E8%A2%AB%E6%B0%B4%E6%B5%B8%E6%B3%A12.jpg HTTP/1.1" 304 0
"GET / HTTP/1.1" 200 19869
"GET /article/article_detail/10/ HTTP/1.1" 200 65964
"GET /static/ckeditor/ckeditor/plugins/smiley/images/angry_smile.png HTTP/1.1" 200 1220
"GET /comment/article/10/9 HTTP/1.1" 200 4211
"GET /admin HTTP/1.1" 301 0
"GET /admin/ HTTP/1.1" 200 13965
"GET /static/admin/css/base.css HTTP/1.1" 200 20344
"GET /static/admin/css/dark_mode.css HTTP/1.1" 200 796
"GET /static/admin/css/dashboard.css HTTP/1.1" 200 380
"GET /static/admin/css/nav_sidebar.css HTTP/1.1" 200 2619
"GET /static/admin/css/responsive.css HTTP/1.1" 200 18854
"GET /static/admin/js/nav_sidebar.js HTTP/1.1" 200 3763
"GET /static/admin/css/fonts.css HTTP/1.1" 200 423
"GET /static/admin/img/icon-changelink.svg HTTP/1.1" 200 380
"GET /static/admin/img/icon-yes.svg HTTP/1.1" 200 436
"GET /static/admin/img/icon-addlink.svg HTTP/1.1" 200 331
"GET /static/admin/fonts/Roboto-Light-webfont.woff HTTP/1.1" 200 85692
"GET /static/admin/fonts/Roboto-Bold-webfont.woff HTTP/1.1" 200 86184
"GET /static/admin/fonts/Roboto-Regular-webfont.woff HTTP/1.1" 200 85876
"GET /admin/comment/articlecomment/ HTTP/1.1" 200 21237
"GET /static/admin/js/jquery.init.js HTTP/1.1" 200 347
"GET /static/admin/js/core.js HTTP/1.1" 200 5698
"GET /static/admin/css/changelists.css HTTP/1.1" 200 6395
"GET /static/admin/js/admin/RelatedObjectLookups.js HTTP/1.1" 200 8985
"GET /static/admin/js/actions.js HTTP/1.1" 200 7872
"GET /admin/jsi18n/ HTTP/1.1" 200 3343
"GET /static/admin/js/prepopulate.js HTTP/1.1" 200 1531
"GET /static/admin/js/vendor/jquery/jquery.js HTTP/1.1" 200 288580
"GET /static/admin/js/urlify.js HTTP/1.1" 200 7902
"GET /static/admin/js/vendor/xregexp/xregexp.js HTTP/1.1" 200 232381
"GET /static/admin/js/filters.js HTTP/1.1" 200 966
"GET /static/admin/img/tooltag-add.svg HTTP/1.1" 200 331
"GET /admin/comment/articlecomment/8/change/ HTTP/1.1" 200 23026
"GET /static/admin/css/forms.css HTTP/1.1" 200 8944
"GET /admin/jsi18n/ HTTP/1.1" 200 3343
"GET /static/admin/css/widgets.css HTTP/1.1" 200 11297
"GET /static/admin/js/prepopulate_init.js HTTP/1.1" 200 586
"GET /static/admin/img/icon-viewlink.svg HTTP/1.1" 200 581
"GET /static/admin/js/change_form.js HTTP/1.1" 200 606
"GET /static/ckeditor/ckeditor/plugins/link/dialogs/link.js?t=M6K9 HTTP/1.1" 200 13234
"GET /static/ckeditor/ckeditor/skins/moono-lisa/dialog.css?t=M6K9 HTTP/1.1" 200 13634
"GET /static/ckeditor/ckeditor/skins/moono-lisa/images/close.png HTTP/1.1" 200 615
D:\django_study\my_blog\my_blog\settings.py changed, reloading.
Watching for file changes with StatReloader
"GET /article/article_detail/10/ HTTP/1.1" 200 65989
"GET /static/ckeditor/ckeditor/plugins/codesnippet/icons/codesnippet.png?t=M6K9 HTTP/1.1" 200 597
"GET /static/ckeditor/ckeditor/plugins/codesnippet/dialogs/codesnippet.js?t=M6K9 HTTP/1.1" 200 1179
"GET /static/ckeditor/ckeditor/plugins/widget/images/handle.png HTTP/1.1" 200 220
"GET /static/ckeditor/ckeditor/plugins/magicline/images/icon.png?t=M6K9 HTTP/1.1" 200 133
"POST /comment/article/10 HTTP/1.1" 302 0
"GET /article/article_detail/10/ HTTP/1.1" 200 68186
D:\django_study\my_blog\my_blog\settings.py changed, reloading.
Watching for file changes with StatReloader
"GET /article/article_detail/10/ HTTP/1.1" 200 68186
"GET /article/article_list/ HTTP/1.1" 200 19869
"GET /media/article/20230308/city_in_the_clouds_by_tatasz_d8yebbu.png HTTP/1.1" 304 0
"GET /article/article_list/?tag=django&order=None&search=&column= HTTP/1.1" 200 15450
"GET /article/article_list/?tag=django&order=None&search=&column= HTTP/1.1" 200 15037
"GET /article/article_list/ HTTP/1.1" 200 19456
